bin!y
8.0.36
company
BEGIN
company
employee
rohan
mumbai5
test
test
create database test
test
test
CREATE TABLE instructors (
    id INT AUTO_INCREMENT PRIMARY KEY,
    name VARCHAR(100) NOT NULL,
    bio TEXT
:DC@
test
test
CREATE TABLE classes (
    id INT AUTO_INCREMENT PRIMARY KEY,
    title VARCHAR(100) NOT NULL,
    description TEXT,
    instructor_id INT,
    start_time DATETIME,
    end_time DATETIME,
    CONSTRAINT fk_instructor
        FOREIGN KEY (instructor_id)
        REFERENCES instructors(id)
        ON DELETE SET NULL
test
test
CREATE TABLE schedule (
    id INT AUTO_INCREMENT PRIMARY KEY,
    class_id INT,
    day_of_week VARCHAR(20),
    start_time TIME,
    end_time TIME,
    CONSTRAINT fk_class
        FOREIGN KEY (class_id)
        REFERENCES classes(id)
        ON DELETE CASCADE
test
test
drop database test
bank
bank
CREATE DATABASE IF NOT EXISTS bank
bank
bank
CREATE TABLE customers (
    customer_id INT AUTO_INCREMENT PRIMARY KEY,
    first_name VARCHAR(50),
    last_name VARCHAR(50),
    date_of_birth DATE,
    email VARCHAR(100),
    phone_number VARCHAR(15),
    address VARCHAR(255),
    city VARCHAR(100),
    state VARCHAR(100),
    postal_code VARCHAR(20)
)#+E
bank
bank
CREATE TABLE accounts (
    account_id INT AUTO_INCREMENT PRIMARY KEY,
    customer_id INT,
    account_type ENUM('Checking', 'Savings', 'Loan'),
    balance DECIMAL(15, 2),
    open_date DATE,
    FOREIGN KEY (customer_id) REFERENCES customers(customer_id)
bank
bank
CREATE TABLE transactions (
    transaction_id INT AUTO_INCREMENT PRIMARY KEY,
    account_id INT,
    transaction_type ENUM('Deposit', 'Withdrawal', 'Transfer'),
    amount DECIMAL(15, 2),
    transaction_date DATETIME,
    FOREIGN KEY (account_id) REFERENCES accounts(account_id)
bank
bank
CREATE TABLE loans (
    loan_id INT AUTO_INCREMENT PRIMARY KEY,
    customer_id INT,
    loan_amount DECIMAL(15, 2),
    interest_rate DECIMAL(5, 2),
    start_date DATE,
    end_date DATE,
    FOREIGN KEY (customer_id) REFERENCES customers(customer_id)
bank
bank
CREATE TABLE cards (
    card_id INT AUTO_INCREMENT PRIMARY KEY,
    customer_id INT,
    card_type ENUM('Debit', 'Credit'),
    card_number VARCHAR(20),
    expiry_date DATE,
    cvv VARCHAR(5),
    FOREIGN KEY (customer_id) REFERENCES customers(customer_id)
bank
bank
CREATE TABLE branches (
    branch_id INT AUTO_INCREMENT PRIMARY KEY,
    branch_name VARCHAR(100),
    branch_address VARCHAR(255),
    city VARCHAR(100),
    state VARCHAR(100),
    postal_code VARCHAR(20)
bank
bank
CREATE TABLE employees (
    employee_id INT AUTO_INCREMENT PRIMARY KEY,
    first_name VARCHAR(50),
    last_name VARCHAR(50),
    date_of_birth DATE,
    email VARCHAR(100),
    phone_number VARCHAR(15),
    address VARCHAR(255),
    city VARCHAR(100),
    state VARCHAR(100),
    postal_code VARCHAR(20),
    branch_id INT,
    FOREIGN KEY (branch_id) REFERENCES branches(branch_id)
c~-K
bank
bank
CREATE TABLE maintainers (
    maintainer_id INT AUTO_INCREMENT PRIMARY KEY,
    first_name VARCHAR(50),
    last_name VARCHAR(50),
    email VARCHAR(100),
    phone_number VARCHAR(15),
    department VARCHAR(100),
    role VARCHAR(50),
    in_time TIME,
    out_time TIME
bank
BEGIN;
bank
maintainers
KnQs
John
john.doe@example.com
123-456-7890
Database Administrator
Jane
Smith
jane.smith@example.com
234-567-8901
Database Administrator
Michael
Johnson
michael.johnson@example.com
345-678-9012
Database Administrator
Emily
Williams
emily.williams@example.com
456-789-0123
Database Administrator
Daniel
Brown
daniel.brown@example.com
567-890-1234
Database Administrator
Sarah
Jones
sarah.jones@example.com
678-901-2345
Database Administrator
Matthew
Miller
matthew.miller@example.com
789-012-3456
Database Administrator
Jessica
Davis
jessica.davis@example.com
890-123-4567
Database Administrator
Christopher
Wilson
christopher.wilson@example.com
901-234-5678
Database Administrator
Amanda
Martinez
amanda.martinez@example.com
012-345-6789
Database Administrator
David
Anderson
david.anderson@example.com
123-456-7890
Database Administrator
Laura
Taylor
laura.taylor@example.com
234-567-8901
Database Administrator
L	V0K
bank
BEGIN
bank
branches
Main Branch
123 Main St
Mumbai
Maharashtra
400001
Downtown Branch
456 Downtown Ave
Delhi
Delhi
110001
Uptown Branch
789 Uptown Blvd	
Bangalore	
Karnataka
560001
West Side Branch
101 West Side St
Kolkata
West Bengal
700001
East Side Branch
202 East Side Ave
Chennai
Tamil Nadu
600001
North Side Branch
303 North Side Blvd	
Hyderabad	
Telangana
500001
South Side Branch
404 South Side St
Pune
Maharashtra
411001
Central Branch
505 Central Ave	
Ahmedabad
Gujarat
380001
Park Branch
606 Park St
Surat
Gujarat
395001
Lake Branch
707 Lake Blvd
Jaipur	
Rajasthan
302001
River Branch
808 River Ave
Lucknow
Uttar Pradesh
226001
Mountain Branch
909 Mountain St
Kanpur
Uttar Pradesh
208001
Valley Branch
1010 Valley Ave
Nagpur
Maharashtra
440001
Ocean Branch
1111 Ocean Blvd
Visakhapatnam
Andhra Pradesh
530001
Forest Branch
1212 Forest St
Bhopal
Madhya Pradesh
462001
Grove Branch
1313 Grove Ave
Patna
Bihar
800001
Hill Branch
1414 Hill St
Ludhiana
Punjab
141001
Harbor Branch
1515 Harbor Blvd
Agra
Uttar Pradesh
282001
Bay Branch
1616 Bay Ave	
Ghaziabad
Uttar Pradesh
201001
Meadow Branch
1717 Meadow St	
Faridabad
Haryana
121001
Village Branch
1818 Village Ave
Meerut
Uttar Pradesh
250001
Town Branch
1919 Town St
Rajkot
Gujarat
360001
Square Branch
2020 Square Ave
Varanasi
Uttar Pradesh
221001
Circle Branch
2121 Circle St
Srinagar
Jammu and Kashmir
190001
bank
BEGIN
bank
	employees
John
Smith
john.smith@example.com
1234567890
123 Main St
Mumbai
Maharashtra
400001
Emma
Johnson
emma.johnson@example.com
1234567891
456 Downtown Ave
Delhi
Delhi
110001
Michael
WilliamsJ
michael.williams@example.com
1234567892
789 Uptown Blvd	
Bangalore	
Karnataka
560001
Sophia
Jones
sophia.jones@example.com
1234567893
101 West Side St
Chennai
Tamil Nadu
600001
James
BrownR
james.brown@example.com
1234567894
202 East Side Ave	
Hyderabad	
Telangana
500001
Olivia
Davis
olivia.davis@example.com
1234567895
303 North Side Blvd
Kolkata
West Bengal
700001
William
Miller
william.miller@example.com
1234567896
404 South Side St
Pune
Maharashtra
411001
Emma
Wilson<
emma.wilson@example.com
1234567897
505 Central Ave	
Ahmedabad
Gujarat
380001
Daniel
Tayloro
daniel.taylor@example.com
1234567898
606 Park St
Surat
Gujarat
395001
Olivia
Moore!
olivia.moore@example.com
1234567899
707 Lake Blvd
Jaipur	
Rajasthan
302001
Benjamin
Andersont
benjamin.anderson@example.com
1234567800
808 River Ave
Lucknow
Uttar Pradesh
226001
Sophia
White
sophia.white@example.com
1234567801
909 Mountain St
Kanpur
Uttar Pradesh
208001
Jacob
Hall
jacob.hall@example.com
1234567802
1010 Valley Ave
Nagpur
Maharashtra
440001
Isabella
MartinezK
isabella.martinez@example.com
1234567803
1111 Ocean Blvd
Visakhapatnam
Andhra Pradesh
530001
William
Thompson
william.thompson@example.com
1234567804
1212 Forest St
Bhopal
Madhya Pradesh
462001
Garcia\
mia.garcia@example.com
1234567805
1313 Grove Ave
Patna
Bihar
800001
Ethan
ethan.lee@example.com
1234567806
1414 Hill St
Ludhiana
Punjab
141001
Amelia	Hernandez
amelia.hernandez@example.com
1234567807
1515 Harbor Blvd
Agra
Uttar Pradesh
282001
Liam
Gonzalez.
liam.gonzalez@example.com
1234567808
1616 Bay Ave	
Ghaziabad
Uttar Pradesh
201001
	Charlotte	Rodrigueza
charlotte.rodriguez@example.com
1234567809
1717 Meadow St	
Faridabad
Haryana
121001
Noah
Lopez2
noah.lopez@example.com
1234567810
1818 Village Ave
Meerut
Uttar Pradesh
250001
Harper
Pereze
harper.perez@example.com
1234567811
1919 Town St
Rajkot
Gujarat
360001
Elijah
Torres
elijah.torres@example.com
1234567812
2020 Square Ave
Varanasi
Uttar Pradesh
221001
Evelyn
Flores
evelyn.flores@example.com
1234567813
2121 Circle St
Srinagar
Jammu and Kashmir
190001
bank
BEGIN
bank
	employees
Sophie
Kim!
sophie.kim@example.com
1234567000
123 Main St
Mumbai
Maharashtra
400001
Aiden
NguyenB
aiden.nguyen@example.com
1234567001
456 Downtown Ave
Delhi
Delhi
110001
Henry
Leec
henry.lee@example.com
1234567002
789 Uptown Blvd	
Bangalore	
Karnataka
560001
Chloe
Wong
chloe.wong@example.com
1234567003
101 West Side St
Chennai
Tamil Nadu
600001
Mason
Patel
mason.patel@example.com
1234567004
202 East Side Ave	
Hyderabad	
Telangana
500001
Singh
zoe.singh@example.com
1234567005
303 North Side Blvd
Kolkata
West Bengal
700001	
Ella
Gupta
ella.gupta@example.com
1234567006
404 South Side St
Pune
Maharashtra
411001
Logan
Khan
logan.khan@example.com
1234567007
505 Central Ave	
Ahmedabad
Gujarat
380001
Liam
Kumar)
liam.kumar@example.com
1234567008
606 Park St
Surat
Gujarat
395001
ShahJ
mia.shah@example.com
1234567009
707 Lake Blvd
Jaipur	
Rajasthan
302001
	Charlotte
Dask
charlotte.das@example.com
1234567010
808 River Ave
Lucknow
Uttar Pradesh
226001
Luna	Choudhury
luna.choudhury@example.com
1234567011
909 Mountain St
Kanpur
Uttar Pradesh
208001
Wyatt
Mitra!
wyatt.mitra@example.com
1234567012
1010 Valley Ave
Nagpur
Maharashtra
440001
Evelyn
RaoB
evelyn.rao@example.com
1234567013
1111 Ocean Blvd
Visakhapatnam
Andhra Pradesh
530001
Jack
Menonc
jack.menon@example.com
1234567014
1212 Forest St
Bhopal
Madhya Pradesh
462001
Avery
Iyer
avery.iyer@example.com
1234567015
1313 Grove Ave
Patna
Bihar
800001
Riley
Reddy
riley.reddy@example.com
1234567016
1414 Hill St
Ludhiana
Punjab
141001
Ethan
Panicker
ethan.panicker@example.com
1234567017
1515 Harbor Blvd
Agra
Uttar Pradesh
282001	
Oliver
Menon
oliver.menon@example.com
1234567018
1616 Bay Ave	
Ghaziabad
Uttar Pradesh
201001
Amelia
Vaidya
amelia.vaidya@example.com
1234567019
1717 Meadow St	
Faridabad
Haryana
121001
Lucas
Iyer)
lucas.iyer@example.com
1234567020
1818 Village Ave
Meerut
Uttar Pradesh
250001
Aria
NairJ
aria.nair@example.com
1234567021
1919 Town St
Rajkot
Gujarat
360001
Liam
Kapoork
liam.kapoor@example.com
1234567022
2020 Square Ave
Varanasi
Uttar Pradesh
221001
Isabella
Chopra
isabella.chopra@example.com
1234567023
2121 Circle St
Srinagar
Jammu and Kashmir
190001
bank
BEGIN.
bank
	employees
Aiden
Gupta!
aiden.gupta@example.com
1234567024
123 Main St
Mumbai
Maharashtra
400001
SharmaB
zoe.sharma@example.com
1234567025
456 Downtown Ave
Delhi
Delhi
110001
Ella
Vermac
ella.verma@example.com
1234567026
789 Uptown Blvd	
Bangalore	
Karnataka
560001
Jackson
Singh
jackson.singh@example.com
1234567027
101 West Side St
Chennai
Tamil Nadu
600001
Madison
madison.das@example.com
1234567028
202 East Side Ave	
Hyderabad	
Telangana
500001
Patel
leo.patel@example.com
1234567029
303 North Side Blvd
Kolkata
West Bengal
700001
Hazel
hazel.rao@example.com
1234567030
404 South Side St
Pune
Maharashtra
411001
Luke
Menon
luke.menon@example.com
1234567031
505 Central Ave	
Ahmedabad
Gujarat
380001
Liam
Kumar)
liam.kumar@example.com
1234567032
606 Park St
Surat
Gujarat
395001
Nora
ShahJ
nora.shah@example.com
1234567033
707 Lake Blvd
Jaipur	
Rajasthan
302001
Grayson
Dask
grayson.das@example.com
1234567034
808 River Ave
Lucknow
Uttar Pradesh
226001
Aurora	Choudhury
aurora.choudhury@example.com
1234567035
909 Mountain St
Kanpur
Uttar Pradesh
208001
Levi
Mitra!
levi.mitra@example.com
1234567036
1010 Valley Ave
Nagpur
Maharashtra
440001
Layla
RaoB
layla.rao@example.com
1234567037
1111 Ocean Blvd
Visakhapatnam
Andhra Pradesh
530001
Jack
Menonc
jack.menon@example.com
1234567038
1212 Forest St
Bhopal
Madhya Pradesh
462001
Amelia
Iyer
amelia.iyer@example.com
1234567039
1313 Grove Ave
Patna
Bihar
800001
Ethan
Reddy
ethan.reddy@example.com
1234567040
1414 Hill St
Ludhiana
Punjab
141001
Olivia
Panicker
olivia.panicker@example.com
1234567041
1515 Harbor Blvd
Agra
Uttar Pradesh
282001
Mason
Menon
mason.menon@example.com
1234567042
1616 Bay Ave	
Ghaziabad
Uttar Pradesh
201001
Ella
Vaidya
ella.vaidya@example.com
1234567043
1717 Meadow St	
Faridabad
Haryana
121001
Benjamin
Iyer)
benjamin.iyer@example.com
1234567044
1818 Village Ave
Meerut
Uttar Pradesh
250001
NairJ
zoe.nair@example.com
1234567045
1919 Town St
Rajkot
Gujarat
360001
Liam
Kapoork
liam.kapoor@example.com
1234567046
2020 Square Ave
Varanasi
Uttar Pradesh
221001
Aria
Chopra
aria.chopra@example.com
1234567047
2121 Circle St
Srinagar
Jammu and Kashmir
190001
bank
BEGIN
bank
	employees
Shah!
mia.shah@example.com
1234567048
123 Main St
Mumbai
Maharashtra
400001
Oliver
KumarB
oliver.kumar@example.com
1234567049
456 Downtown Ave
Delhi
Delhi
110001
Emma
Vermac
emma.verma@example.com
1234567050
789 Uptown Blvd	
Bangalore	
Karnataka
560001
Evelyn
Menon
evelyn.menon@example.com
1234567052
202 East Side Ave	
Hyderabad	
Telangana
500001
Ethan
Patel
ethan.patel@example.com
1234567053
303 North Side Blvd
Kolkata
West Bengal
700001
Sophia
Sharma
sophia.sharma@example.com
1234567054
404 South Side St
Pune
Maharashtra
411001
Benjamin
Menon)
benjamin.menon@example.com
1234567056
606 Park St
Surat
Gujarat
395001
Ella
KumarJ
ella.kumar@example.com
1234567057
707 Lake Blvd
Jaipur	
Rajasthan
302001
Lucas
Dask
lucas.das@example.com
1234567058
808 River Ave
Lucknow
Uttar Pradesh
226001
Elijah
Iyer!
elijah.iyer@example.com
1234567060
1010 Valley Ave
Nagpur
Maharashtra
440001
	Charlotte
RaoB
charlotte.rao@example.com
1234567061
1111 Ocean Blvd
Visakhapatnam
Andhra Pradesh
530001
Liam
Menonc
liam.menon@example.com
1234567062
1212 Forest St
Bhopal
Madhya Pradesh
462001
Olivia
Panicker
olivia.panicker@example.com
1234567064
1414 Hill St
Ludhiana
Punjab
141001
Ethan
Menon
ethan.menon@example.com
1234567065
1515 Harbor Blvd
Agra
Uttar Pradesh
282001
Aria
Shah
aria.shah@example.com
1234567066
1616 Bay Ave	
Ghaziabad
Uttar Pradesh
201001
Oliver
Menon)
oliver.menon@example.com
1234567068
1818 Village Ave
Meerut
Uttar Pradesh
250001
Ella
NairJ
ella.nair@example.com
1234567069
1919 Town St
Rajkot
Gujarat
360001
bank
BEGINd
bank
	customers
John
Smith
john.smith@example.com
1234567890
123 Main St
Mumbai
Maharashtra
400001
Emma
Johnson
emma.johnson@example.com
2345678901
456 Downtown Ave
Delhi
Delhi
110001
Michael
Williams
michael.williams@example.com
3456789012
789 Uptown Blvd	
Bangalore	
Karnataka
560001
Sophia
Jones
sophia.jones@example.com
4567890123
101 West Side St
Chennai
Tamil Nadu
600001
James
Brown
james.brown@example.com
5678901234
202 East Side Ave	
Hyderabad	
Telangana
500001
Olivia
Davis
olivia.davis@example.com
6789012345
303 North Side Blvd
Kolkata
West Bengal
700001
William
Miller
william.miller@example.com
7890123456
404 South Side St
Pune
Maharashtra
411001
Emma
Wilson
emma.wilson@example.com
8901234567
505 Central Ave	
Ahmedabad
Gujarat
380001
Daniel
Taylor
daniel.taylor@example.com
9012345678
606 Park St
Surat
Gujarat
395001
Olivia
Moore
olivia.moore@example.com
0123456789
707 Lake Blvd
Jaipur	
Rajasthan
302001
Benjamin
Anderson
benjamin.anderson@example.com
1234509876
808 River Ave
Lucknow
Uttar Pradesh
226001
Sophia
White
sophia.white@example.com
2345098765
909 Mountain St
Kanpur
Uttar Pradesh
208001
Jacob
Hall
jacob.hall@example.com
3450987654
1010 Valley Ave
Nagpur
Maharashtra
440001
Isabella
Martinez
isabella.martinez@example.com
4560987654
1111 Ocean Blvd
Visakhapatnam
Andhra Pradesh
530001
William
Thompson
william.thompson@example.com
5670987654
1212 Forest St
Bhopal
Madhya Pradesh
462001
Garcia
mia.garcia@example.com
6780987654
1313 Grove Ave
Patna
Bihar
800001
Ethan
ethan.lee@example.com
7890987654
1414 Hill St
Ludhiana
Punjab
141001
Amelia	Hernandez
amelia.hernandez@example.com
8900987654
1515 Harbor Blvd
Agra
Uttar Pradesh
282001
Liam
Gonzalez
liam.gonzalez@example.com
9010987654
1616 Bay Ave	
Ghaziabad
Uttar Pradesh
201001
	Charlotte	Rodriguez
charlotte.rodriguez@example.com
0109876543
1717 Meadow St	
Faridabad
Haryana
121001
Noah
Lopez
noah.lopez@example.com
1098765432
1818 Village Ave
Meerut
Uttar Pradesh
250001
Harper
Perez
harper.perez@example.com
2109876543
1919 Town St
Rajkot
Gujarat
360001
Elijah
Torres
elijah.torres@example.com
3210987654
123 Main St
Mumbai
Maharashtra
400001
Evelyn
Flores
evelyn.flores@example.com
4321098765
456 Downtown Ave
Delhi
Delhi
110001
Lucas
Smith
lucas.smith@example.com
5432109876
789 Uptown Blvd	
Bangalore	
Karnataka
560001
Sophia
Sharma
sophia.sharma@example.com
6543210987
101 West Side St
Chennai
Tamil Nadu
600001
James
james.rao@example.com
7654321098
202 East Side Ave	
Hyderabad	
Telangana
500001
Olivia
Panicker
olivia.panicker@example.com
8765432109
303 North Side Blvd
Kolkata
West Bengal
700001
William
Menon
william.menon@example.com
9876543210
404 South Side St
Pune
Maharashtra
411001
Emma
Nair
emma.nair@example.com
0987654321
505 Central Ave	
Ahmedabad
Gujarat
380001
Daniel
Kumar
daniel.kumar@example.com
9876123456
606 Park St
Surat
Gujarat
395001
Ella
Shah
ella.shah@example.com
8761234567
707 Lake Blvd
Jaipur	
Rajasthan
302001
Oliver
Singh
oliver.singh@example.com
7651234567
808 River Ave
Lucknow
Uttar Pradesh
226001
Olivia
Menon
olivia.menon@example.com
6541234567
909 Mountain St
Kanpur
Uttar Pradesh
208001
Ethan
ethan.das@example.com
5431234567
1010 Valley Ave
Nagpur
Maharashtra
440001
Aiden
Menon
aiden.menon@example.com
4321234567
1111 Ocean Blvd
Visakhapatnam
Andhra Pradesh
530001
Kumar
zoe.kumar@example.com
3211234567
1212 Forest St
Bhopal
Madhya Pradesh
462001
Ella
Shah
ella.shah@example.com
2101234567
1313 Grove Ave
Patna
Bihar
800001
Jackson
Verma
jackson.verma@example.com
1091234567
1414 Hill St
Ludhiana
Punjab
141001
Madison
Patel
madison.patel@example.com
0981234567
1515 Harbor Blvd
Agra
Uttar Pradesh
282001
leo.rao@example.com
9872345678
1616 Bay Ave	
Ghaziabad
Uttar Pradesh
201001
Hazel
Menon
hazel.menon@example.com
8763456789
1717 Meadow St	
Faridabad
Haryana
121001
Luke
Iyer
luke.iyer@example.com
7654567890
1818 Village Ave
Meerut
Uttar Pradesh
250001I$
bank
BEGINdW
bank
cards
1234567890123456!
9876543210987654
2345678901234567A
8765432109876543a
3456789012345678a
7654321098765432A
4567890123456789
6543210987654321!
5678901234567890
5432109876543210
6789012345678901
4321098765432109
7890123456789012
3210987654321098
8901234567890123
2109876543210987
9012345678901234!
1098765432109876
0123456789012345A
0987654321098765a
9876543210987654a
1234567890123456A
8765432109876543
2345678901234567!
7654321098765432!
3456789012345678
6543210987654321A
4567890123456789a
5432109876543210a
5678901234567890A
4321098765432109
6789012345678901!
3210987654321098
7890123456789012
2109876543210987
8901234567890123
1098765432109876
9012345678901234
0987654321098765
0123456789012345
9876543210987654!
1234567890123456
8765432109876543A
2345678901234567a
7654321098765432a
3456789012345678A
6543210987654321
4567890123456789!
5432109876543210!
5678901234567890
bank
BEGIN
bank
	customers
Liam
Kumar
liam.kumar@example.com
1234567891
123 Main St
Mumbai
Maharashtra
400001
Avery
Iyer
avery.iyer@example.com
2345678902
456 Downtown Ave
Delhi
Delhi
110001
Menon
mia.menon@example.com
3456789013
789 Uptown Blvd	
Bangalore	
Karnataka
560001
Oliver
Patel
oliver.patel@example.com
4567890124
101 West Side St
Chennai
Tamil Nadu
600001
Amelia
Shah
amelia.shah@example.com
5678901235
202 East Side Ave	
Hyderabad	
Telangana
500001
Noah
noah.rao@example.com
6789012346
303 North Side Blvd
Kolkata
West Bengal
700001
	Charlotte
Menon
charlotte.menon@example.com
7890123457
404 South Side St
Pune
Maharashtra
411001
Liam
Kumar
liam.kumar@example.com
8901234568
505 Central Ave	
Ahmedabad
Gujarat
380001
Elijah
Verma
elijah.verma@example.com
9012345679
606 Park St
Surat
Gujarat
395001
Aria
Singh
aria.singh@example.com
0123456780
707 Lake Blvd
Jaipur	
Rajasthan
302001
Mason
Menon
mason.menon@example.com
1234509871
808 River Ave
Lucknow
Uttar Pradesh
226001
Olivia
olivia.das@example.com
2345098762
909 Mountain St
Kanpur
Uttar Pradesh
208001
Harper
Patel
harper.patel@example.com
3450987653
1010 Valley Ave
Nagpur
Maharashtra
440001
Ethan
Sharma
ethan.sharma@example.com
4560987654
1111 Ocean Blvd
Visakhapatnam
Andhra Pradesh
530001
Sophia
Kumar
sophia.kumar@example.com
5670987655
1212 Forest St
Bhopal
Madhya Pradesh
462001
James
Iyer
james.iyer@example.com
6780987656
1313 Grove Ave
Patna
Bihar
800001
Isabella
Menon
isabella.menon@example.com
7890987657
1414 Hill St
Ludhiana
Punjab
141001
Jacob
jacob.rao@example.com
8900987658
1515 Harbor Blvd
Agra
Uttar Pradesh
282001
William
Singh
william.singh@example.com
9010987659
1616 Bay Ave	
Ghaziabad
Uttar Pradesh
201001
	Charlotte
Menon
charlotte.menon@example.com
0109876540
1717 Meadow St	
Faridabad
Haryana
121001
Noah
Patel
noah.patel@example.com
1098765432
1818 Village Ave
Meerut
Uttar Pradesh
250001
Harper
Shah
harper.shah@example.com
2109876543
1919 Town St
Rajkot
Gujarat
360001
Liam
Singh
liam.singh@example.com
3210987654
123 Main St
Mumbai
Maharashtra
400001
Ella
Menon
ella.menon@example.com
4321098765
456 Downtown Ave
Delhi
Delhi
110001
Lucas
lucas.rao@example.com
5432109876
789 Uptown Blvd	
Bangalore	
Karnataka
560001
Sophia
Menon
sophia.menon@example.com
6543210987
101 West Side St
Chennai
Tamil Nadu
600001
James
Kumar
james.kumar@example.com
7654321098
202 East Side Ave	
Hyderabad	
Telangana
500001
Olivia
Verma
olivia.verma@example.com
8765432109
303 North Side Blvd
Kolkata
West Bengal
700001
William
Menon
william.menon@example.com
9876543210
404 South Side St
Pune
Maharashtra
411001
Emma
Shah
emma.shah@example.com
0987654321
505 Central Ave	
Ahmedabad
Gujarat
380001
Daniel
Singh
daniel.singh@example.com
9876123456
606 Park St
Surat
Gujarat
395001
Ella
Patel
ella.patel@example.com
8761234567
707 Lake Blvd
Jaipur	
Rajasthan
302001
Oliver
Menon
oliver.menon@example.com
7651234567
808 River Ave
Lucknow
Uttar Pradesh
226001
Olivia
olivia.das@example.com
6541234567
909 Mountain St
Kanpur
Uttar Pradesh
208001
Ethan
Sharma
ethan.sharma@example.com
5431234567
1010 Valley Ave
Nagpur
Maharashtra
440001
Aiden
Menon
aiden.menon@example.com
4321234567
1111 Ocean Blvd
Visakhapatnam
Andhra Pradesh
530001
bank
BEGINp
bank
	customers
Garcia
ava.garcia@example.com
1234567891
123 Main St
Mumbai
Maharashtra
400001
Liam
Smith
liam.smith@example.com
2345678902
456 Downtown Ave
Delhi
Delhi
110001
Emma
Johnson
emma.johnson@example.com
3456789013
789 Uptown Blvd	
Bangalore	
Karnataka
560001
Noah
Jones
noah.jones@example.com
4567890124
101 West Side St
Chennai
Tamil Nadu
600001
Olivia
Brown
olivia.brown@example.com
5678901235
202 East Side Ave	
Hyderabad	
Telangana
500001
William
Davis
william.davis@example.com
6789012346
303 North Side Blvd
Kolkata
West Bengal
700001
Sophia
Miller
sophia.miller@example.com
7890123457
404 South Side St
Pune
Maharashtra
411001
Mason
Wilson
mason.wilson@example.com
8901234568
505 Central Ave	
Ahmedabad
Gujarat
380001
James
Taylor
james.taylor@example.com
9012345679
606 Park St
Surat
Gujarat
395001
	Charlotte
Moore
charlotte.moore@example.com
0123456780
707 Lake Blvd
Jaipur	
Rajasthan
302001
Elijah
Anderson
elijah.anderson@example.com
1234509871
808 River Ave
Lucknow
Uttar Pradesh
226001
Harper
White
harper.white@example.com
2345098762
909 Mountain St
Kanpur
Uttar Pradesh
208001
Aiden
Hall
aiden.hall@example.com
3450987653
1010 Valley Ave
Nagpur
Maharashtra
440001
Amelia
Martinez
amelia.martinez@example.com
4560987654
1111 Ocean Blvd
Visakhapatnam
Andhra Pradesh
530001
Evelyn
Thompson
evelyn.thompson@example.com
5670987655
1212 Forest St
Bhopal
Madhya Pradesh
462001
Lucas
Garcia
lucas.garcia@example.com
6780987656
1313 Grove Ave
Patna
Bihar
800001
Ethan
ethan.lee@example.com
7890987657
1414 Hill St
Ludhiana
Punjab
141001
Olivia	Hernandez
olivia.hernandez@example.com
8900987658
1515 Harbor Blvd
Agra
Uttar Pradesh
282001
Gonzalez
ava.gonzalez@example.com
9010987659
1616 Bay Ave	
Ghaziabad
Uttar Pradesh
201001
Liam	Rodriguez
liam.rodriguez@example.com
0109876540
1717 Meadow St	
Faridabad
Haryana
121001
Emma
Lopez
emma.lopez@example.com
1098765431
1818 Village Ave
Meerut
Uttar Pradesh
250001
William
Perez
william.perez@example.com
2109876542
1919 Town St
Rajkot
Gujarat
360001
Sophia
Torres
sophia.torres@example.com
3210987653
123 Main St
Mumbai
Maharashtra
400001
James
Flores
james.flores@example.com
4321098764
456 Downtown Ave
Delhi
Delhi
110001
Olivia
Smith
olivia.smith@example.com
5432109875
789 Uptown Blvd	
Bangalore	
Karnataka
560001
William
Sharma
william.sharma@example.com
6543210986
101 West Side St
Chennai
Tamil Nadu
600001
Sophia
sophia.rao@example.com
7654321097
202 East Side Ave	
Hyderabad	
Telangana
500001
James
Panicker
james.panicker@example.com
8765432108
303 North Side Blvd
Kolkata
West Bengal
700001
Olivia
Menon
olivia.menon@example.com
9876543219
404 South Side St
Pune
Maharashtra
411001
William
Nair
william.nair@example.com
0987654320
505 Central Ave	
Ahmedabad
Gujarat
380001
Emma
Kumar
emma.kumar@example.com
9876123456
606 Park St
Surat
Gujarat
395001
Daniel
Shah
daniel.shah@example.com
8761234567
707 Lake Blvd
Jaipur	
Rajasthan
302001
Olivia
Singh
olivia.singh@example.com
7651234567
808 River Ave
Lucknow
Uttar Pradesh
226001
Liam
Menon
liam.menon@example.com
6541234567
909 Mountain St
Kanpur
Uttar Pradesh
208001
Emma
emma.das@example.com
5431234567
1010 Valley Ave
Nagpur
Maharashtra
440001
Noah
Menon
noah.menon@example.com
4321234567
1111 Ocean Blvd
Visakhapatnam
Andhra Pradesh
530001
Sophia
Kumar
sophia.kumar@example.com
3211234567
1212 Forest St
Bhopal
Madhya Pradesh
462001
Oliver
oliver.rao@example.com
2101234567
1313 Grove Ave
Patna
Bihar
800001
Olivia
Shah
olivia.shah@example.com
1091234567
1414 Hill St
Ludhiana
Punjab
141001
Elijah
Patel
elijah.patel@example.com
0981234567
1515 Harbor Blvd
Agra
Uttar Pradesh
282001
Evelyn
Menon
evelyn.menon@example.com
9872345678
1616 Bay Ave	
Ghaziabad
Uttar Pradesh
201001
Lucas
Nair
lucas.nair@example.com
8763456789
1717 Meadow St	
Faridabad
Haryana
121001
Sophia
Iyer
sophia.iyer@example.com
7654567890
1818 Village Ave
Meerut
Uttar Pradesh
250001
bank
BEGIN	
bank
	customers
Aarav
Patel
aarav.patel@example.com
9876543210
123 Main St
Mumbai
Maharashtra
400001
Vivaan
Gupta
vivaan.gupta@example.com
9876543211
456 Downtown Ave
Delhi
Delhi
110001
Aahana
Sharma
aahana.sharma@example.com
9876543212
789 Uptown Blvd	
Bangalore	
Karnataka
560001
Advik
Kumar
advik.kumar@example.com
9876543213
101 West Side St
Chennai
Tamil Nadu
600001
Vihaan
Singh
vihaan.singh@example.com
9876543214
202 East Side Ave	
Hyderabad	
Telangana
500001
Arnav
Jain
arnav.jain@example.com
9876543215
303 North Side Blvd
Kolkata
West Bengal
700001
Ananya
Gupta
ananya.gupta@example.com
9876543216
404 South Side St
Pune
Maharashtra
411001
Aryan
Sharma
aryan.sharma@example.com
9876543217
505 Central Ave	
Ahmedabad
Gujarat
380001
Ishaan
Thakur
ishaan.thakur@example.com
9876543218
606 Park St
Surat
Gujarat
395001
Reyansh
Singh
reyansh.singh@example.com
9876543219
707 Lake Blvd
Jaipur	
Rajasthan
302001
Miraya
Yadav
miraya.yadav@example.com
9876543220
808 River Ave
Lucknow
Uttar Pradesh
226001
Anika
Gupta
anika.gupta@example.com
9876543221
909 Mountain St
Kanpur
Uttar Pradesh
208001
Advait
Sharma
advait.sharma@example.com
9876543222
1010 Valley Ave
Nagpur
Maharashtra
440001
Aaditya
Jain
aaditya.jain@example.com
9876543223
1111 Ocean Blvd
Visakhapatnam
Andhra Pradesh
530001
Yuvraj
Shah
yuvraj.shah@example.com
9876543224
1212 Forest St
Bhopal
Madhya Pradesh
462001
Kabir
Sharma
kabir.sharma@example.com
9876543225
1313 Grove Ave
Patna
Bihar
800001
Shaurya
Thakur
shaurya.thakur@example.com
9876543226
1414 Hill St
Ludhiana
Punjab
141001
Prisha
Yadav
prisha.yadav@example.com
9876543227
1515 Harbor Blvd
Agra
Uttar Pradesh
282001
Kian
Gupta
kian.gupta@example.com
9876543228
1616 Bay Ave	
Ghaziabad
Uttar Pradesh
201001
Dhruv
Sharma
dhruv.sharma@example.com
9876543229
1717 Meadow St	
Faridabad
Haryana
121001
Aarush
Singh
aarush.singh@example.com
9876543230
1818 Village Ave
Meerut
Uttar Pradesh
250001
Shivansh
Sharma
shivansh.sharma@example.com
9876543231
1919 Town St
Rajkot
Gujarat
360001
Riya
Thakur
riya.thakur@example.com
9876543232
123 Main St
Mumbai
Maharashtra
400001
Vihaan
Gupta
vihaan.gupta@example.com
9876543233
456 Downtown Ave
Delhi
Delhi
110001
Nivaan
Sharma
nivaan.sharma@example.com
9876543234
789 Uptown Blvd	
Bangalore	
Karnataka
560001
Rudra
Kumar
rudra.kumar@example.com
9876543235
101 West Side St
Chennai
Tamil Nadu
600001
Arjun
Singh
arjun.singh@example.com
9876543236
202 East Side Ave	
Hyderabad	
Telangana
500001
Avyukt
Jain
avyukt.jain@example.com
9876543237
303 North Side Blvd
Kolkata
West Bengal
700001
Gupta
yug.gupta@example.com
9876543238
404 South Side St
Pune
Maharashtra
411001
Veer
Sharma
veer.sharma@example.com
9876543239
505 Central Ave	
Ahmedabad
Gujarat
380001
Shaarav
Thakur
shaarav.thakur@example.com
9876543240
606 Park St
Surat
Gujarat
395001
Ansh
Singh
ansh.singh@example.com
9876543241
707 Lake Blvd
Jaipur	
Rajasthan
302001
Aarush
Yadav
aarush.yadav@example.com
9876543242
808 River Ave
Lucknow
Uttar Pradesh
226001
Advit
Gupta
advit.gupta@example.com
9876543243
909 Mountain St
Kanpur
Uttar Pradesh
208001
Aayan
Sharma
aayan.sharma@example.com
9876543244
1010 Valley Ave
Nagpur
Maharashtra
440001
Rudransh
Jain
rudransh.jain@example.com
9876543245
1111 Ocean Blvd
Visakhapatnam
Andhra Pradesh
530001
Aarav
Shah
aarav.shah@example.com
9876543246
1212 Forest St
Bhopal
Madhya Pradesh
462001
Veer
Sharma
veer.sharma@example.com
9876543247
1313 Grove Ave
Patna
Bihar
800001
Vivaan
Thakur
vivaan.thakur@example.com
9876543248
1414 Hill St
Ludhiana
Punjab
141001
Aarav
Yadav
aarav.yadav@example.com
9876543249
1515 Harbor Blvd
Agra
Uttar Pradesh
282001
Aadit
Gupta
aadit.gupta@example.com
9876543250
1616 Bay Ave	
Ghaziabad
Uttar Pradesh
201001
Vihan
Sharma
vihan.sharma@example.com
9876543251
1717 Meadow St	
Faridabad
Haryana
121001
Ivaan
Singh
ivaan.singh@example.com
9876543252
1818 Village Ave
Meerut
Uttar Pradesh
250001
Vihaan
Sharma
vihaan.sharma@example.com
9876543253
1919 Town St
Rajkot
Gujarat
360001
0<>N
bank
BEGIN^
bank
	customers
Arnav
Sharma
arnav.sharma@example.com
9876543200
123 Main St
Mumbai
Maharashtra
400001
Anaya
Patel
anaya.patel@example.com
9876543201
456 Downtown Ave
Delhi
Delhi
110001
Advait
Jain
advait.jain@example.com
9876543202
789 Uptown Blvd	
Bangalore	
Karnataka
560001
Aarya
Singh
aarya.singh@example.com
9876543203
101 West Side St
Chennai
Tamil Nadu
600001
Vihaan
Gupta
vihaan.gupta@example.com
9876543204
202 East Side Ave	
Hyderabad	
Telangana
500001
Ishaan
Kumar
ishaan.kumar@example.com
9876543205
303 North Side Blvd
Kolkata
West Bengal
700001
Anshika
Sharma
anshika.sharma@example.com
9876543206
404 South Side St
Pune
Maharashtra
411001
Aadvik
Thakur
aadvik.thakur@example.com
9876543207
505 Central Ave	
Ahmedabad
Gujarat
380001
Arjun
Singh
arjun.singh@example.com
9876543208
606 Park St
Surat
Gujarat
395001
Aanya
Yadav
aanya.yadav@example.com
9876543209
707 Lake Blvd
Jaipur	
Rajasthan
302001
Aditya
Sharma
aditya.sharma@example.com
9876543210
808 River Ave
Lucknow
Uttar Pradesh
226001
Jain
avi.jain@example.com
9876543211
909 Mountain St
Kanpur
Uttar Pradesh
208001
Ayaan
Gupta
ayaan.gupta@example.com
9876543212
1010 Valley Ave
Nagpur
Maharashtra
440001
Advik
Kumar
advik.kumar@example.com
9876543213
1111 Ocean Blvd
Visakhapatnam
Andhra Pradesh
530001
Aarav
Shah
aarav.shah@example.com
9876543214
1212 Forest St
Bhopal
Madhya Pradesh
462001
Aashi
Sharma
aashi.sharma@example.com
9876543215
1313 Grove Ave
Patna
Bihar
800001
Advaita
Thakur
advaita.thakur@example.com
9876543216
1414 Hill St
Ludhiana
Punjab
141001
Anvi
Yadav
anvi.yadav@example.com
9876543217
1515 Harbor Blvd
Agra
Uttar Pradesh
282001
Aadrika
Gupta
aadrika.gupta@example.com
9876543218
1616 Bay Ave	
Ghaziabad
Uttar Pradesh
201001
Armaan
Sharma
armaan.sharma@example.com
9876543219
1717 Meadow St	
Faridabad
Haryana
121001
Anushka
Singh
anushka.singh@example.com
9876543220
1818 Village Ave
Meerut
Uttar Pradesh
250001
Adhya
Sharma
adhya.sharma@example.com
9876543221
1919 Town St
Rajkot
Gujarat
360001
Shaurya
Thakur
shaurya.thakur@example.com
9876543222
123 Main St
Mumbai
Maharashtra
400001
Ayaansh
Gupta
ayaansh.gupta@example.com
9876543223
456 Downtown Ave
Delhi
Delhi
110001
Aarit
Sharma
aarit.sharma@example.com
9876543224
789 Uptown Blvd	
Bangalore	
Karnataka
560001
Saanvi
Kumar
saanvi.kumar@example.com
9876543225
101 West Side St
Chennai
Tamil Nadu
600001
Aaryan
Singh
aaryan.singh@example.com
9876543226
202 East Side Ave	
Hyderabad	
Telangana
500001
Anvi
Jain
anvi.jain@example.com
9876543227
303 North Side Blvd
Kolkata
West Bengal
700001
Aarohi
Gupta
aarohi.gupta@example.com
9876543228
404 South Side St
Pune
Maharashtra
411001
Advika
Sharma
advika.sharma@example.com
9876543229
505 Central Ave	
Ahmedabad
Gujarat
380001
Vihaan
Singh
vihaan.singh@example.com
9876543230
606 Park St
Surat
Gujarat
395001
Ananya
Yadav
ananya.yadav@example.com
9876543231
707 Lake Blvd
Jaipur	
Rajasthan
302001
Avyukt
Sharma
avyukt.sharma@example.com
9876543232
808 River Ave
Lucknow
Uttar Pradesh
226001
Aaradhya
Jain
aaradhya.jain@example.com
9876543233
909 Mountain St
Kanpur
Uttar Pradesh
208001
Aadi
Gupta
aadi.gupta@example.com
9876543234
1010 Valley Ave
Nagpur
Maharashtra
440001
Atharv
Kumar
atharv.kumar@example.com
9876543235
1111 Ocean Blvd
Visakhapatnam
Andhra Pradesh
530001
Veer
Shah
veer.shah@example.com
9876543236
1212 Forest St
Bhopal
Madhya Pradesh
462001
Advik
Sharma
advik.sharma@example.com
9876543237
1313 Grove Ave
Patna
Bihar
800001
Anvi
Thakur
anvi.thakur@example.com
9876543238
1414 Hill St
Ludhiana
Punjab
141001
Vivaan
Yadav
vivaan.yadav@example.com
9876543239
1515 Harbor Blvd
Agra
Uttar Pradesh
282001
Aarav
Gupta
aarav.gupta@example.com
9876543240
1616 Bay Ave	
Ghaziabad
Uttar Pradesh
201001
Vihaan
Sharma
vihaan.sharma@example.com
9876543241
1717 Meadow St	
Faridabad
Haryana
121001
Ridhima
Singh
ridhima.singh@example.com
9876543242
1818 Village Ave
Meerut
Uttar Pradesh
250001
Aarav
Sharma
aarav.sharma@example.com
9876543243
1919 Town St
Rajkot
Gujarat
360001
Aarya
Thakur
aarya.thakur@example.com
9876543244
123 Main St
Mumbai
Maharashtra
400001
Anaya
Gupta
anaya.gupta@example.com
9876543245
456 Downtown Ave
Delhi
Delhi
110001
Advit
Sharma
advit.sharma@example.com
9876543246
789 Uptown Blvd	
Bangalore	
Karnataka
560001
Aarav
Kumar
aarav.kumar@example.com
9876543247
101 West Side St
Chennai
Tamil Nadu
600001
Singh
avi.singh@example.com
9876543248
202 East Side Ave	
Hyderabad	
Telangana
500001
Aarush
Jain
aarush.jain@example.com
9876543249
303 North Side Blvd
Kolkata
West Bengal
700001_
bank
BEGIN
bank
cards
1234567890123456!
9876543210987654
2345678901234567A
8765432109876543a
3456789012345678a
7654321098765432A
4567890123456789
6543210987654321!
5678901234567890
5432109876543210
6789012345678901
4321098765432109
7890123456789012
3210987654321098
8901234567890123
2109876543210987
9012345678901234!
1098765432109876
0123456789012345A
0987654321098765a
9876543210987654a
1234567890123456A
8765432109876543
2345678901234567!
7654321098765432!
3456789012345678
6543210987654321A
4567890123456789a
5432109876543210a
5678901234567890A
4321098765432109
6789012345678901!
3210987654321098
7890123456789012
2109876543210987
8901234567890123
1098765432109876
9012345678901234
0987654321098765
0123456789012345
9876543210987654!
1234567890123456
8765432109876543A
2345678901234567a
7654321098765432a
3456789012345678A
6543210987654321
4567890123456789!
5432109876543210!
5678901234567890
bank
BEGIN
bank
accounts
\NY2
bank
BEGIN
bank
accounts
bank
BEGINx
bank
loans
bank
BEGIN
bank
loans
SYSTEM
bank
BEGIN
bank
transactions
SYSTEM
bank
BEGINp4
bank
transactions
bank
BEGIN
bank
	customers
William
Perez
william.perez@example.com
2109876542
1919 Town St
Rajkot
Gujarat
360001
William
Perez
william.perez@example.com
+1234567890
1919 Town St
Rajkot
Gujarat
360001
Sophia
Torres
sophia.torres@example.com
3210987653
123 Main St
Mumbai
Maharashtra
400001
Sophia
Torres
sophia.torres@example.com
+1234567890
123 Main St
Mumbai
Maharashtra
400001
James
Flores
james.flores@example.com
4321098764
456 Downtown Ave
Delhi
Delhi
110001
James
Flores
james.flores@example.com
+1234567890
456 Downtown Ave
Delhi
Delhi
110001
Olivia
Smith
olivia.smith@example.com
5432109875
789 Uptown Blvd	
Bangalore	
Karnataka
560001
Olivia
Smith
olivia.smith@example.com
+1234567890
789 Uptown Blvd	
Bangalore	
Karnataka
560001
William
Sharma
william.sharma@example.com
6543210986
101 West Side St
Chennai
Tamil Nadu
600001
William
Sharma
william.sharma@example.com
+1234567890
101 West Side St
Chennai
Tamil Nadu
600001
Sophia
sophia.rao@example.com
7654321097
202 East Side Ave	
Hyderabad	
Telangana
500001
Sophia
sophia.rao@example.com
+1234567890
202 East Side Ave	
Hyderabad	
Telangana
500001
James
Panicker
james.panicker@example.com
8765432108
303 North Side Blvd
Kolkata
West Bengal
700001
James
Panicker
james.panicker@example.com
+1234567890
303 North Side Blvd
Kolkata
West Bengal
700001
Olivia
Menon
olivia.menon@example.com
9876543219
404 South Side St
Pune
Maharashtra
411001
Olivia
Menon
olivia.menon@example.com
+1234567890
404 South Side St
Pune
Maharashtra
411001
William
Nair
william.nair@example.com
0987654320
505 Central Ave	
Ahmedabad
Gujarat
380001
William
Nair
william.nair@example.com
+1234567890
505 Central Ave	
Ahmedabad
Gujarat
380001
Emma
Kumar
emma.kumar@example.com
9876123456
606 Park St
Surat
Gujarat
395001
Emma
Kumar
emma.kumar@example.com
+1234567890
606 Park St
Surat
Gujarat
395001
Daniel
Shah
daniel.shah@example.com
8761234567
707 Lake Blvd
Jaipur	
Rajasthan
302001
Daniel
Shah
daniel.shah@example.com
+1234567890
707 Lake Blvd
Jaipur	
Rajasthan
302001
Olivia
Singh
olivia.singh@example.com
7651234567
808 River Ave
Lucknow
Uttar Pradesh
226001
Olivia
Singh
olivia.singh@example.com
+1234567890
808 River Ave
Lucknow
Uttar Pradesh
226001
Liam
Menon
liam.menon@example.com
6541234567
909 Mountain St
Kanpur
Uttar Pradesh
208001
Liam
Menon
liam.menon@example.com
+1234567890
909 Mountain St
Kanpur
Uttar Pradesh
208001
Emma
emma.das@example.com
5431234567
1010 Valley Ave
Nagpur
Maharashtra
440001
Emma
emma.das@example.com
+1234567890
1010 Valley Ave
Nagpur
Maharashtra
440001
Noah
Menon
noah.menon@example.com
4321234567
1111 Ocean Blvd
Visakhapatnam
Andhra Pradesh
530001
Noah
Menon
noah.menon@example.com
+1234567890
1111 Ocean Blvd
Visakhapatnam
Andhra Pradesh
530001
Sophia
Kumar
sophia.kumar@example.com
3211234567
1212 Forest St
Bhopal
Madhya Pradesh
462001
Sophia
Kumar
sophia.kumar@example.com
+1234567890
1212 Forest St
Bhopal
Madhya Pradesh
462001
Oliver
oliver.rao@example.com
2101234567
1313 Grove Ave
Patna
Bihar
800001
Oliver
oliver.rao@example.com
+1234567890
1313 Grove Ave
Patna
Bihar
800001
Olivia
Shah
olivia.shah@example.com
1091234567
1414 Hill St
Ludhiana
Punjab
141001
Olivia
Shah
olivia.shah@example.com
+1234567890
1414 Hill St
Ludhiana
Punjab
141001
Elijah
Patel
elijah.patel@example.com
0981234567
1515 Harbor Blvd
Agra
Uttar Pradesh
282001
Elijah
Patel
elijah.patel@example.com
+1234567890
1515 Harbor Blvd
Agra
Uttar Pradesh
282001
Evelyn
Menon
evelyn.menon@example.com
9872345678
1616 Bay Ave	
Ghaziabad
Uttar Pradesh
201001
Evelyn
Menon
evelyn.menon@example.com
+1234567890
1616 Bay Ave	
Ghaziabad
Uttar Pradesh
201001
Lucas
Nair
lucas.nair@example.com
8763456789
1717 Meadow St	
Faridabad
Haryana
121001
Lucas
Nair
lucas.nair@example.com
+1234567890
1717 Meadow St	
Faridabad
Haryana
121001
Sophia
Iyer
sophia.iyer@example.com
7654567890
1818 Village Ave
Meerut
Uttar Pradesh
250001
Sophia
Iyer
sophia.iyer@example.com
+1234567890
1818 Village Ave
Meerut
Uttar Pradesh
250001
Aarav
Patel
aarav.patel@example.com
9876543210
123 Main St
Mumbai
Maharashtra
400001
Aarav
Patel
aarav.patel@example.com
+1234567890
123 Main St
Mumbai
Maharashtra
400001
Vivaan
Gupta
vivaan.gupta@example.com
9876543211
456 Downtown Ave
Delhi
Delhi
110001
Vivaan
Gupta
vivaan.gupta@example.com
+1234567890
456 Downtown Ave
Delhi
Delhi
110001
Aahana
Sharma
aahana.sharma@example.com
9876543212
789 Uptown Blvd	
Bangalore	
Karnataka
560001
Aahana
Sharma
aahana.sharma@example.com
+1234567890
789 Uptown Blvd	
Bangalore	
Karnataka
560001
Advik
Kumar
advik.kumar@example.com
9876543213
101 West Side St
Chennai
Tamil Nadu
600001
Advik
Kumar
advik.kumar@example.com
+1234567890
101 West Side St
Chennai
Tamil Nadu
600001
Vihaan
Singh
vihaan.singh@example.com
9876543214
202 East Side Ave	
Hyderabad	
Telangana
500001
Vihaan
Singh
vihaan.singh@example.com
+1234567890
202 East Side Ave	
Hyderabad	
Telangana
500001
Arnav
Jain
arnav.jain@example.com
9876543215
303 North Side Blvd
Kolkata
West Bengal
700001
Arnav
Jain
arnav.jain@example.com
+1234567890
303 North Side Blvd
Kolkata
West Bengal
700001
Ananya
Gupta
ananya.gupta@example.com
9876543216
404 South Side St
Pune
Maharashtra
411001
Ananya
Gupta
ananya.gupta@example.com
+1234567890
404 South Side St
Pune
Maharashtra
411001
Aryan
Sharma
aryan.sharma@example.com
9876543217
505 Central Ave	
Ahmedabad
Gujarat
380001
Aryan
Sharma
aryan.sharma@example.com
+1234567890
505 Central Ave	
Ahmedabad
Gujarat
380001
Ishaan
Thakur
ishaan.thakur@example.com
9876543218
606 Park St
Surat
Gujarat
395001
Ishaan
Thakur
ishaan.thakur@example.com
+1234567890
606 Park St
Surat
Gujarat
395001
Reyansh
Singh
reyansh.singh@example.com
9876543219
707 Lake Blvd
Jaipur	
Rajasthan
302001
Reyansh
Singh
reyansh.singh@example.com
+1234567890
707 Lake Blvd
Jaipur	
Rajasthan
302001
Miraya
Yadav
miraya.yadav@example.com
9876543220
808 River Ave
Lucknow
Uttar Pradesh
226001
Miraya
Yadav
miraya.yadav@example.com
+1234567890
808 River Ave
Lucknow
Uttar Pradesh
226001
Anika
Gupta
anika.gupta@example.com
9876543221
909 Mountain St
Kanpur
Uttar Pradesh
208001
Anika
Gupta
anika.gupta@example.com
+1234567890
909 Mountain St
Kanpur
Uttar Pradesh
208001
Advait
Sharma
advait.sharma@example.com
9876543222
1010 Valley Ave
Nagpur
Maharashtra
440001
Advait
Sharma
advait.sharma@example.com
+1234567890
1010 Valley Ave
Nagpur
Maharashtra
440001
Aaditya
Jain
aaditya.jain@example.com
9876543223
1111 Ocean Blvd
Visakhapatnam
Andhra Pradesh
530001
Aaditya
Jain
aaditya.jain@example.com
+1234567890
1111 Ocean Blvd
Visakhapatnam
Andhra Pradesh
530001
Yuvraj
Shah
yuvraj.shah@example.com
9876543224
1212 Forest St
Bhopal
Madhya Pradesh
462001
Yuvraj
Shah
yuvraj.shah@example.com
+1234567890
1212 Forest St
Bhopal
Madhya Pradesh
462001
Kabir
Sharma
kabir.sharma@example.com
9876543225
1313 Grove Ave
Patna
Bihar
800001
Kabir
Sharma
kabir.sharma@example.com
+1234567890
1313 Grove Ave
Patna
Bihar
800001
Shaurya
Thakur
shaurya.thakur@example.com
9876543226
1414 Hill St
Ludhiana
Punjab
141001
Shaurya
Thakur
shaurya.thakur@example.com
+1234567890
1414 Hill St
Ludhiana
Punjab
141001
Prisha
Yadav
prisha.yadav@example.com
9876543227
1515 Harbor Blvd
Agra
Uttar Pradesh
282001
Prisha
Yadav
prisha.yadav@example.com
+1234567890
1515 Harbor Blvd
Agra
Uttar Pradesh
282001
Kian
Gupta
kian.gupta@example.com
9876543228
1616 Bay Ave	
Ghaziabad
Uttar Pradesh
201001
Kian
Gupta
kian.gupta@example.com
+1234567890
1616 Bay Ave	
Ghaziabad
Uttar Pradesh
201001
Dhruv
Sharma
dhruv.sharma@example.com
9876543229
1717 Meadow St	
Faridabad
Haryana
121001
Dhruv
Sharma
dhruv.sharma@example.com
+1234567890
1717 Meadow St	
Faridabad
Haryana
121001
Aarush
Singh
aarush.singh@example.com
9876543230
1818 Village Ave
Meerut
Uttar Pradesh
250001
Aarush
Singh
aarush.singh@example.com
+1234567890
1818 Village Ave
Meerut
Uttar Pradesh
250001
Shivansh
Sharma
shivansh.sharma@example.com
9876543231
1919 Town St
Rajkot
Gujarat
360001
Shivansh
Sharma
shivansh.sharma@example.com
+1234567890
1919 Town St
Rajkot
Gujarat
360001
Riya
Thakur
riya.thakur@example.com
9876543232
123 Main St
Mumbai
Maharashtra
400001
Riya
Thakur
riya.thakur@example.com
+1234567890
123 Main St
Mumbai
Maharashtra
400001
Vihaan
Gupta
vihaan.gupta@example.com
9876543233
456 Downtown Ave
Delhi
Delhi
110001
Vihaan
Gupta
vihaan.gupta@example.com
+1234567890
456 Downtown Ave
Delhi
Delhi
110001
Nivaan
Sharma
nivaan.sharma@example.com
9876543234
789 Uptown Blvd	
Bangalore	
Karnataka
560001
Nivaan
Sharma
nivaan.sharma@example.com
+1234567890
789 Uptown Blvd	
Bangalore	
Karnataka
560001
Rudra
Kumar
rudra.kumar@example.com
9876543235
101 West Side St
Chennai
Tamil Nadu
600001
Rudra
Kumar
rudra.kumar@example.com
+1234567890
101 West Side St
Chennai
Tamil Nadu
600001
Arjun
Singh
arjun.singh@example.com
9876543236
202 East Side Ave	
Hyderabad	
Telangana
500001
Arjun
Singh
arjun.singh@example.com
+1234567890
202 East Side Ave	
Hyderabad	
Telangana
500001
Avyukt
Jain
avyukt.jain@example.com
9876543237
303 North Side Blvd
Kolkata
West Bengal
700001
Avyukt
Jain
avyukt.jain@example.com
+1234567890
303 North Side Blvd
Kolkata
West Bengal
700001
Gupta
yug.gupta@example.com
9876543238
404 South Side St
Pune
Maharashtra
411001
Gupta
yug.gupta@example.com
+1234567890
404 South Side St
Pune
Maharashtra
411001
Veer
Sharma
veer.sharma@example.com
9876543239
505 Central Ave	
Ahmedabad
Gujarat
380001
Veer
Sharma
veer.sharma@example.com
+1234567890
505 Central Ave	
Ahmedabad
Gujarat
380001
Shaarav
Thakur
shaarav.thakur@example.com
9876543240
606 Park St
Surat
Gujarat
395001
Shaarav
Thakur
shaarav.thakur@example.com
+1234567890
606 Park St
Surat
Gujarat
395001
Ansh
Singh
ansh.singh@example.com
9876543241
707 Lake Blvd
Jaipur	
Rajasthan
302001
Ansh
Singh
ansh.singh@example.com
+1234567890
707 Lake Blvd
Jaipur	
Rajasthan
302001
Aarush
Yadav
aarush.yadav@example.com
9876543242
808 River Ave
Lucknow
Uttar Pradesh
226001
Aarush
Yadav
aarush.yadav@example.com
+1234567890
808 River Ave
Lucknow
Uttar Pradesh
226001
Advit
Gupta
advit.gupta@example.com
9876543243
909 Mountain St
Kanpur
Uttar Pradesh
208001
Advit
Gupta
advit.gupta@example.com
+1234567890
909 Mountain St
Kanpur
Uttar Pradesh
208001
Aayan
Sharma
aayan.sharma@example.com
9876543244
1010 Valley Ave
Nagpur
Maharashtra
440001
Aayan
Sharma
aayan.sharma@example.com
+1234567890
1010 Valley Ave
Nagpur
Maharashtra
440001
Rudransh
Jain
rudransh.jain@example.com
9876543245
1111 Ocean Blvd
Visakhapatnam
Andhra Pradesh
530001
Rudransh
Jain
rudransh.jain@example.com
+1234567890
1111 Ocean Blvd
Visakhapatnam
Andhra Pradesh
530001
Aarav
Shah
aarav.shah@example.com
9876543246
1212 Forest St
Bhopal
Madhya Pradesh
462001
Aarav
Shah
aarav.shah@example.com
+1234567890
1212 Forest St
Bhopal
Madhya Pradesh
462001
Veer
Sharma
veer.sharma@example.com
9876543247
1313 Grove Ave
Patna
Bihar
800001
Veer
Sharma
veer.sharma@example.com
+1234567890
1313 Grove Ave
Patna
Bihar
800001
Vivaan
Thakur
vivaan.thakur@example.com
9876543248
1414 Hill St
Ludhiana
Punjab
141001
Vivaan
Thakur
vivaan.thakur@example.com
+1234567890
1414 Hill St
Ludhiana
Punjab
141001
Aarav
Yadav
aarav.yadav@example.com
9876543249
1515 Harbor Blvd
Agra
Uttar Pradesh
282001
Aarav
Yadav
aarav.yadav@example.com
+1234567890
1515 Harbor Blvd
Agra
Uttar Pradesh
282001
Aadit
Gupta
aadit.gupta@example.com
9876543250
1616 Bay Ave	
Ghaziabad
Uttar Pradesh
201001
Aadit
Gupta
aadit.gupta@example.com
+1234567890
1616 Bay Ave	
Ghaziabad
Uttar Pradesh
201001
Vihan
Sharma
vihan.sharma@example.com
9876543251
1717 Meadow St	
Faridabad
Haryana
121001
Vihan
Sharma
vihan.sharma@example.com
+1234567890
1717 Meadow St	
Faridabad
Haryana
121001
Ivaan
Singh
ivaan.singh@example.com
9876543252
1818 Village Ave
Meerut
Uttar Pradesh
250001
Ivaan
Singh
ivaan.singh@example.com
+1234567890
1818 Village Ave
Meerut
Uttar Pradesh
250001
Vihaan
Sharma
vihaan.sharma@example.com
9876543253
1919 Town St
Rajkot
Gujarat
360001
Vihaan
Sharma
vihaan.sharma@example.com
+1234567890
1919 Town St
Rajkot
Gujarat
360001
Arnav
Sharma
arnav.sharma@example.com
9876543200
123 Main St
Mumbai
Maharashtra
400001
Arnav
Sharma
arnav.sharma@example.com
+1234567890
123 Main St
Mumbai
Maharashtra
400001
Anaya
Patel
anaya.patel@example.com
9876543201
456 Downtown Ave
Delhi
Delhi
110001
Anaya
Patel
anaya.patel@example.com
+1234567890
456 Downtown Ave
Delhi
Delhi
110001
Advait
Jain
advait.jain@example.com
9876543202
789 Uptown Blvd	
Bangalore	
Karnataka
560001
Advait
Jain
advait.jain@example.com
+1234567890
789 Uptown Blvd	
Bangalore	
Karnataka
560001
Aarya
Singh
aarya.singh@example.com
9876543203
101 West Side St
Chennai
Tamil Nadu
600001
Aarya
Singh
aarya.singh@example.com
+1234567890
101 West Side St
Chennai
Tamil Nadu
600001
Vihaan
Gupta
vihaan.gupta@example.com
9876543204
202 East Side Ave	
Hyderabad	
Telangana
500001
Vihaan
Gupta
vihaan.gupta@example.com
+1234567890
202 East Side Ave	
Hyderabad	
Telangana
500001
Ishaan
Kumar
ishaan.kumar@example.com
9876543205
303 North Side Blvd
Kolkata
West Bengal
700001
Ishaan
Kumar
ishaan.kumar@example.com
+1234567890
303 North Side Blvd
Kolkata
West Bengal
700001
Anshika
Sharma
anshika.sharma@example.com
9876543206
404 South Side St
Pune
Maharashtra
411001
Anshika
Sharma
anshika.sharma@example.com
+1234567890
404 South Side St
Pune
Maharashtra
411001
Aadvik
Thakur
aadvik.thakur@example.com
9876543207
505 Central Ave	
Ahmedabad
Gujarat
380001
Aadvik
Thakur
aadvik.thakur@example.com
+1234567890
505 Central Ave	
Ahmedabad
Gujarat
380001
Arjun
Singh
arjun.singh@example.com
9876543208
606 Park St
Surat
Gujarat
395001
Arjun
Singh
arjun.singh@example.com
+1234567890
606 Park St
Surat
Gujarat
395001
Aanya
Yadav
aanya.yadav@example.com
9876543209
707 Lake Blvd
Jaipur	
Rajasthan
302001
Aanya
Yadav
aanya.yadav@example.com
+1234567890
707 Lake Blvd
Jaipur	
Rajasthan
302001
Aditya
Sharma
aditya.sharma@example.com
9876543210
808 River Ave
Lucknow
Uttar Pradesh
226001
Aditya
Sharma
aditya.sharma@example.com
+1234567890
808 River Ave
Lucknow
Uttar Pradesh
226001
Jain
avi.jain@example.com
9876543211
909 Mountain St
Kanpur
Uttar Pradesh
208001
Jain
avi.jain@example.com
+1234567890
909 Mountain St
Kanpur
Uttar Pradesh
208001
Ayaan
Gupta
ayaan.gupta@example.com
9876543212
1010 Valley Ave
Nagpur
Maharashtra
440001
Ayaan
Gupta
ayaan.gupta@example.com
+1234567890
1010 Valley Ave
Nagpur
Maharashtra
440001
Advik
Kumar
advik.kumar@example.com
9876543213
1111 Ocean Blvd
Visakhapatnam
Andhra Pradesh
530001
Advik
Kumar
advik.kumar@example.com
+1234567890
1111 Ocean Blvd
Visakhapatnam
Andhra Pradesh
530001
Aarav
Shah
aarav.shah@example.com
9876543214
1212 Forest St
Bhopal
Madhya Pradesh
462001
Aarav
Shah
aarav.shah@example.com
+1234567890
1212 Forest St
Bhopal
Madhya Pradesh
462001
Aashi
Sharma
aashi.sharma@example.com
9876543215
1313 Grove Ave
Patna
Bihar
800001
Aashi
Sharma
aashi.sharma@example.com
+1234567890
1313 Grove Ave
Patna
Bihar
800001
Advaita
Thakur
advaita.thakur@example.com
9876543216
1414 Hill St
Ludhiana
Punjab
141001
Advaita
Thakur
advaita.thakur@example.com
+1234567890
1414 Hill St
Ludhiana
Punjab
141001
Anvi
Yadav
anvi.yadav@example.com
9876543217
1515 Harbor Blvd
Agra
Uttar Pradesh
282001
Anvi
Yadav
anvi.yadav@example.com
+1234567890
1515 Harbor Blvd
Agra
Uttar Pradesh
282001
Aadrika
Gupta
aadrika.gupta@example.com
9876543218
1616 Bay Ave	
Ghaziabad
Uttar Pradesh
201001
Aadrika
Gupta
aadrika.gupta@example.com
+1234567890
1616 Bay Ave	
Ghaziabad
Uttar Pradesh
201001
Armaan
Sharma
armaan.sharma@example.com
9876543219
1717 Meadow St	
Faridabad
Haryana
121001
Armaan
Sharma
armaan.sharma@example.com
+1234567890
1717 Meadow St	
Faridabad
Haryana
121001
Anushka
Singh
anushka.singh@example.com
9876543220
1818 Village Ave
Meerut
Uttar Pradesh
250001
Anushka
Singh
anushka.singh@example.com
+1234567890
1818 Village Ave
Meerut
Uttar Pradesh
250001
Adhya
Sharma
adhya.sharma@example.com
9876543221
1919 Town St
Rajkot
Gujarat
360001
Adhya
Sharma
adhya.sharma@example.com
+1234567890
1919 Town St
Rajkot
Gujarat
360001
Shaurya
Thakur
shaurya.thakur@example.com
9876543222
123 Main St
Mumbai
Maharashtra
400001
Shaurya
Thakur
shaurya.thakur@example.com
+1234567890
123 Main St
Mumbai
Maharashtra
400001
Ayaansh
Gupta
ayaansh.gupta@example.com
9876543223
456 Downtown Ave
Delhi
Delhi
110001
Ayaansh
Gupta
ayaansh.gupta@example.com
+1234567890
456 Downtown Ave
Delhi
Delhi
110001
Aarit
Sharma
aarit.sharma@example.com
9876543224
789 Uptown Blvd	
Bangalore	
Karnataka
560001
Aarit
Sharma
aarit.sharma@example.com
+1234567890
789 Uptown Blvd	
Bangalore	
Karnataka
560001
Saanvi
Kumar
saanvi.kumar@example.com
9876543225
101 West Side St
Chennai
Tamil Nadu
600001
Saanvi
Kumar
saanvi.kumar@example.com
+1234567890
101 West Side St
Chennai
Tamil Nadu
600001
Aaryan
Singh
aaryan.singh@example.com
9876543226
202 East Side Ave	
Hyderabad	
Telangana
500001
Aaryan
Singh
aaryan.singh@example.com
+1234567890
202 East Side Ave	
Hyderabad	
Telangana
500001
Anvi
Jain
anvi.jain@example.com
9876543227
303 North Side Blvd
Kolkata
West Bengal
700001
Anvi
Jain
anvi.jain@example.com
+1234567890
303 North Side Blvd
Kolkata
West Bengal
700001
Aarohi
Gupta
aarohi.gupta@example.com
9876543228
404 South Side St
Pune
Maharashtra
411001
Aarohi
Gupta
aarohi.gupta@example.com
+1234567890
404 South Side St
Pune
Maharashtra
411001
Advika
Sharma
advika.sharma@example.com
9876543229
505 Central Ave	
Ahmedabad
Gujarat
380001
Advika
Sharma
advika.sharma@example.com
+1234567890
505 Central Ave	
Ahmedabad
Gujarat
380001
Vihaan
Singh
vihaan.singh@example.com
9876543230
606 Park St
Surat
Gujarat
395001
Vihaan
Singh
vihaan.singh@example.com
+1234567890
606 Park St
Surat
Gujarat
395001
Ananya
Yadav
ananya.yadav@example.com
9876543231
707 Lake Blvd
Jaipur	
Rajasthan
302001
Ananya
Yadav
ananya.yadav@example.com
+1234567890
707 Lake Blvd
Jaipur	
Rajasthan
302001
Avyukt
Sharma
avyukt.sharma@example.com
9876543232
808 River Ave
Lucknow
Uttar Pradesh
226001
Avyukt
Sharma
avyukt.sharma@example.com
+1234567890
808 River Ave
Lucknow
Uttar Pradesh
226001
Aaradhya
Jain
aaradhya.jain@example.com
9876543233
909 Mountain St
Kanpur
Uttar Pradesh
208001
Aaradhya
Jain
aaradhya.jain@example.com
+1234567890
909 Mountain St
Kanpur
Uttar Pradesh
208001
Aadi
Gupta
aadi.gupta@example.com
9876543234
1010 Valley Ave
Nagpur
Maharashtra
440001
Aadi
Gupta
aadi.gupta@example.com
+1234567890
1010 Valley Ave
Nagpur
Maharashtra
440001
Atharv
Kumar
atharv.kumar@example.com
9876543235
1111 Ocean Blvd
Visakhapatnam
Andhra Pradesh
530001
Atharv
Kumar
atharv.kumar@example.com
+1234567890
1111 Ocean Blvd
Visakhapatnam
Andhra Pradesh
530001
Veer
Shah
veer.shah@example.com
9876543236
1212 Forest St
Bhopal
Madhya Pradesh
462001
Veer
Shah
veer.shah@example.com
+1234567890
1212 Forest St
Bhopal
Madhya Pradesh
462001
Advik
Sharma
advik.sharma@example.com
9876543237
1313 Grove Ave
Patna
Bihar
800001
Advik
Sharma
advik.sharma@example.com
+1234567890
1313 Grove Ave
Patna
Bihar
800001
Anvi
Thakur
anvi.thakur@example.com
9876543238
1414 Hill St
Ludhiana
Punjab
141001
Anvi
Thakur
anvi.thakur@example.com
+1234567890
1414 Hill St
Ludhiana
Punjab
141001
Vivaan
Yadav
vivaan.yadav@example.com
9876543239
1515 Harbor Blvd
Agra
Uttar Pradesh
282001
Vivaan
Yadav
vivaan.yadav@example.com
+1234567890
1515 Harbor Blvd
Agra
Uttar Pradesh
282001
Aarav
Gupta
aarav.gupta@example.com
9876543240
1616 Bay Ave	
Ghaziabad
Uttar Pradesh
201001
Aarav
Gupta
aarav.gupta@example.com
+1234567890
1616 Bay Ave	
Ghaziabad
Uttar Pradesh
201001
Vihaan
Sharma
vihaan.sharma@example.com
9876543241
1717 Meadow St	
Faridabad
Haryana
121001
Vihaan
Sharma
vihaan.sharma@example.com
+1234567890
1717 Meadow St	
Faridabad
Haryana
121001
Ridhima
Singh
ridhima.singh@example.com
9876543242
1818 Village Ave
Meerut
Uttar Pradesh
250001
Ridhima
Singh
ridhima.singh@example.com
+1234567890
1818 Village Ave
Meerut
Uttar Pradesh
250001
Aarav
Sharma
aarav.sharma@example.com
9876543243
1919 Town St
Rajkot
Gujarat
360001
Aarav
Sharma
aarav.sharma@example.com
+1234567890
1919 Town St
Rajkot
Gujarat
360001
Aarya
Thakur
aarya.thakur@example.com
9876543244
123 Main St
Mumbai
Maharashtra
400001
Aarya
Thakur
aarya.thakur@example.com
+1234567890
123 Main St
Mumbai
Maharashtra
400001
Anaya
Gupta
anaya.gupta@example.com
9876543245
456 Downtown Ave
Delhi
Delhi
110001
Anaya
Gupta
anaya.gupta@example.com
+1234567890
456 Downtown Ave
Delhi
Delhi
110001
Advit
Sharma
advit.sharma@example.com
9876543246
789 Uptown Blvd	
Bangalore	
Karnataka
560001
Advit
Sharma
advit.sharma@example.com
+1234567890
789 Uptown Blvd	
Bangalore	
Karnataka
560001
Aarav
Kumar
aarav.kumar@example.com
9876543247
101 West Side St
Chennai
Tamil Nadu
600001
Aarav
Kumar
aarav.kumar@example.com
+1234567890
101 West Side St
Chennai
Tamil Nadu
600001
Singh
avi.singh@example.com
9876543248
202 East Side Ave	
Hyderabad	
Telangana
500001
Singh
avi.singh@example.com
+1234567890
202 East Side Ave	
Hyderabad	
Telangana
500001
Aarush
Jain
aarush.jain@example.com
9876543249
303 North Side Blvd
Kolkata
West Bengal
700001
Aarush
Jain
aarush.jain@example.com
+1234567890
303 North Side Blvd
Kolkata
West Bengal
700001+E
SYSTEM
bank
BEGINS!
bank
accounts
bank
BEGIN
bank
	employees
John
Smith
john.smith@example.com
1234567890
123 Main St
Mumbai
Maharashtra
400001
John
Darwin!
johndoe@example.com
+1234567890
123 Main St
Anytown
Anystate
12345
bank
BEGIN7
bank
accounts
SYSTEM
bank
BEGIN
bank
transactions
;4$f
bank
bank
drop database bank
